<?xml version="1.0" encoding="UTF-8"?>
<!-- Generated by org.testng.reporters.JUnitXMLReporter -->
<testsuite ignored="4" hostname="DESKTOP-7AROHI4" failures="0" tests="3" name="Test" time="10.783" errors="0" timestamp="2024-02-13T12:24:37 IST">
  <testcase classname="workpulseapi.AddDeskTicket" name="addnetworkdeskticket" time="5.942"/>
  <testcase classname="workpulseapi.JournalNote" name="addjournalnote" time="2.026"/>
  <testcase classname="workpulseapi.AddBookTask" name="addjournalnote" time="2.783"/>
  <testcase classname="baseclass.ExtentReport" name="@BeforeSuite reportGenerate" time="0.0">
    <ignored/>
  </testcase> <!-- @BeforeSuite reportGenerate -->
  <testcase classname="baseclass.ExtentReport" name="@BeforeSuite reportGenerate" time="0.0">
    <ignored/>
  </testcase> <!-- @BeforeSuite reportGenerate -->
  <testcase classname="baseclass.ExtentReport" name="@AfterSuite reportflush" time="0.0">
    <ignored/>
  </testcase> <!-- @AfterSuite reportflush -->
  <testcase classname="baseclass.ExtentReport" name="@AfterSuite reportflush" time="0.0">
    <ignored/>
  </testcase> <!-- @AfterSuite reportflush -->
</testsuite> <!-- Test -->
