<?xml version="1.0" encoding="UTF-8"?>
<!-- Generated by org.testng.reporters.JUnitXMLReporter -->
<testsuite ignored="4" hostname="DESKTOP-7AROHI4" failures="0" tests="3" name="Test" time="9.964" errors="0" timestamp="2024-02-14T12:33:11 IST">
  <testcase classname="workpulseapi.AddDeskTicket" name="addnetworkdeskticket" time="5.269"/>
  <testcase classname="workpulseapi.JournalNote" name="addjournalnote" time="1.931"/>
  <testcase classname="workpulseapi.AddBookTask" name="addbooktask" time="2.732"/>
  <testcase classname="baseclass.ExtentReport" name="@AfterSuite reportflush" time="0.0">
    <ignored/>
  </testcase> <!-- @AfterSuite reportflush -->
  <testcase classname="baseclass.ExtentReport" name="@BeforeSuite reportGenerate" time="0.0">
    <ignored/>
  </testcase> <!-- @BeforeSuite reportGenerate -->
  <testcase classname="baseclass.ExtentReport" name="@AfterSuite reportflush" time="0.0">
    <ignored/>
  </testcase> <!-- @AfterSuite reportflush -->
  <testcase classname="baseclass.ExtentReport" name="@BeforeSuite reportGenerate" time="0.0">
    <ignored/>
  </testcase> <!-- @BeforeSuite reportGenerate -->
</testsuite> <!-- Test -->
