<?xml version="1.0" encoding="UTF-8"?>
<testng-results ignored="4" total="7" passed="3" failed="0" skipped="0">
  <reporter-output>
  </reporter-output>
  <suite started-at="2024-02-13T12:24:26 IST" name="Suite" finished-at="2024-02-13T12:24:37 IST" duration-ms="10783">
    <groups>
    </groups>
    <test started-at="2024-02-13T12:24:26 IST" name="Test" finished-at="2024-02-13T12:24:37 IST" duration-ms="10783">
      <class name="workpulseapi.AddBookTask">
        <test-method signature="addjournalnote()[pri:2, instance:workpulseapi.AddBookTask@f5958c9]" started-at="2024-02-13T12:24:34 IST" name="addjournalnote" finished-at="2024-02-13T12:24:37 IST" duration-ms="2783" status="PASS">
          <reporter-output>
          </reporter-output>
        </test-method> <!-- addjournalnote -->
        <test-method is-config="true" signature="getResult(org.testng.ITestResult)[pri:0, instance:workpulseapi.AddBookTask@f5958c9]" started-at="2024-02-13T12:24:37 IST" name="getResult" finished-at="2024-02-13T12:24:37 IST" duration-ms="1" status="PASS">
          <params>
            <param index="0">
              <value>
                <![CDATA[[TestResult name=addjournalnote status=SUCCESS method=AddBookTask.addjournalnote()[pri:2, instance:workpulseapi.AddBookTask@f5958c9] output={null}]]]>
              </value>
            </param>
          </params>
          <reporter-output>
          </reporter-output>
        </test-method> <!-- getResult -->
      </class> <!-- workpulseapi.AddBookTask -->
      <class name="workpulseapi.JournalNote">
        <test-method signature="addjournalnote()[pri:2, instance:workpulseapi.JournalNote@77c2494c]" started-at="2024-02-13T12:24:32 IST" name="addjournalnote" finished-at="2024-02-13T12:24:34 IST" duration-ms="2026" status="PASS">
          <reporter-output>
          </reporter-output>
        </test-method> <!-- addjournalnote -->
        <test-method is-config="true" signature="getResult(org.testng.ITestResult)[pri:0, instance:workpulseapi.JournalNote@77c2494c]" started-at="2024-02-13T12:24:34 IST" name="getResult" finished-at="2024-02-13T12:24:34 IST" duration-ms="1" status="PASS">
          <params>
            <param index="0">
              <value>
                <![CDATA[[TestResult name=addjournalnote status=SUCCESS method=JournalNote.addjournalnote()[pri:2, instance:workpulseapi.JournalNote@77c2494c] output={null}]]]>
              </value>
            </param>
          </params>
          <reporter-output>
          </reporter-output>
        </test-method> <!-- getResult -->
      </class> <!-- workpulseapi.JournalNote -->
      <class name="workpulseapi.AddDeskTicket">
        <test-method is-config="true" signature="reportGenerate()[pri:0, instance:workpulseapi.AddDeskTicket@682b2fa]" started-at="2024-02-13T12:24:26 IST" name="reportGenerate" finished-at="2024-02-13T12:24:26 IST" duration-ms="256" status="PASS">
          <reporter-output>
          </reporter-output>
        </test-method> <!-- reportGenerate -->
        <test-method signature="addnetworkdeskticket()[pri:2, instance:workpulseapi.AddDeskTicket@682b2fa]" started-at="2024-02-13T12:24:26 IST" name="addnetworkdeskticket" finished-at="2024-02-13T12:24:32 IST" duration-ms="5942" status="PASS">
          <reporter-output>
          </reporter-output>
        </test-method> <!-- addnetworkdeskticket -->
        <test-method is-config="true" signature="getResult(org.testng.ITestResult)[pri:0, instance:workpulseapi.AddDeskTicket@682b2fa]" started-at="2024-02-13T12:24:32 IST" name="getResult" finished-at="2024-02-13T12:24:32 IST" duration-ms="2" status="PASS">
          <params>
            <param index="0">
              <value>
                <![CDATA[[TestResult name=addnetworkdeskticket status=SUCCESS method=AddDeskTicket.addnetworkdeskticket()[pri:2, instance:workpulseapi.AddDeskTicket@682b2fa] output={null}]]]>
              </value>
            </param>
          </params>
          <reporter-output>
          </reporter-output>
        </test-method> <!-- getResult -->
        <test-method is-config="true" signature="reportflush()[pri:0, instance:workpulseapi.AddDeskTicket@682b2fa]" started-at="2024-02-13T12:24:37 IST" name="reportflush" finished-at="2024-02-13T12:24:37 IST" duration-ms="250" status="PASS">
          <reporter-output>
          </reporter-output>
        </test-method> <!-- reportflush -->
      </class> <!-- workpulseapi.AddDeskTicket -->
    </test> <!-- Test -->
  </suite> <!-- Suite -->
</testng-results>
