<?xml version="1.0" encoding="UTF-8"?>
<testsuite xmlns:xsi="http://www.w3.org/2001/XMLSchema-instance" xsi:noNamespaceSchemaLocation="https://maven.apache.org/surefire/maven-surefire-plugin/xsd/surefire-test-report-3.0.xsd" version="3.0" name="TestSuite" time="10.85" tests="3" errors="0" skipped="0" failures="0">
  <properties>
[...]
</properties>
  <testcase name="addnetworkdeskticket" classname="workpulseapi.AddDeskTicket" time="5.268">
    <system-out><![CDATA[12:33:00.689 [main] DEBUG org.testng.TestNG - suiteXmlPath: "C:\Users\Dell\git\GITAPIRepo\WorkpulseAPIAutomationRepo\ApiAutomation\testng.xml"
12:33:00.910 [main] WARN org.testng.internal.Configuration - Detected a static method [baseclass.ExtentReport.reportGenerate()]. Static configuration methods can cause  unexpected behavior.
12:33:00.912 [main] WARN org.testng.internal.Configuration - Detected a static method [baseclass.ExtentReport.reportflush()]. Static configuration methods can cause  unexpected behavior.
12:33:00.921 [main] WARN org.testng.internal.Configuration - Detected a static method [baseclass.ExtentReport.reportGenerate()]. Static configuration methods can cause  unexpected behavior.
12:33:00.922 [main] WARN org.testng.internal.Configuration - Detected a static method [baseclass.ExtentReport.reportflush()]. Static configuration methods can cause  unexpected behavior.
12:33:00.932 [main] WARN org.testng.internal.Configuration - Detected a static method [baseclass.ExtentReport.reportGenerate()]. Static configuration methods can cause  unexpected behavior.
12:33:00.932 [main] WARN org.testng.internal.Configuration - Detected a static method [baseclass.ExtentReport.reportflush()]. Static configuration methods can cause  unexpected behavior.
HTTP/1.1 200 OK
Content-Type: application/json; charset=utf-8
Date: Wed, 14 Feb 2024 07:03:03 GMT
Server: Microsoft-IIS/10.0
Cache-Control: no-store, no-cache, max-age=0, private
Content-Encoding: gzip
Pragma: no-cache
Transfer-Encoding: chunked
Vary: Accept-Encoding
X-AspNet-Version: 4.0.30319
X-Powered-By: ASP.NET

{
    "access_token": "1691d462937ab63ace00f9a15386b414",
    "expires_in": 1209600,
    "token_type": "Bearer"
}
Access Token: 1691d462937ab63ace00f9a15386b414
HTTP/1.1 200 OK
Content-Length: 136
Content-Type: application/json; charset=utf-8
Date: Wed, 14 Feb 2024 07:03:06 GMT
Server: Microsoft-IIS/10.0
Content-Encoding: gzip
Set-Cookie: ARRAffinity=17ffac1d0f928ba71e6ba3ddfde78e7d0d408b82230881d398995d1e8adbd5b1;Path=/;HttpOnly;Secure;Domain=opsapi.workpulse.com
Set-Cookie: ARRAffinitySameSite=17ffac1d0f928ba71e6ba3ddfde78e7d0d408b82230881d398995d1e8adbd5b1;Path=/;HttpOnly;SameSite=None;Secure;Domain=opsapi.workpulse.com
Vary: Accept-Encoding
X-Powered-By: ASP.NET

{
    "taskId": 8513
}
Ticket Id: 8513
]]></system-out>
    <system-err><![CDATA[log4j:WARN No appenders could be found for logger (org.apache.http.impl.conn.BasicClientConnectionManager).
log4j:WARN Please initialize the log4j system properly.
]]></system-err>
  </testcase>
  <testcase name="addjournalnote" classname="workpulseapi.JournalNote" time="1.932">
    <system-out><![CDATA[HTTP/1.1 200 OK
Content-Type: application/json; charset=utf-8
Date: Wed, 14 Feb 2024 07:03:06 GMT
Server: Microsoft-IIS/10.0
Cache-Control: no-store, no-cache, max-age=0, private
Content-Encoding: gzip
Pragma: no-cache
Transfer-Encoding: chunked
Vary: Accept-Encoding
X-AspNet-Version: 4.0.30319
X-Powered-By: ASP.NET

{
    "access_token": "1cd9e44883374f5fbb90a6ff91b14a78",
    "expires_in": 1209600,
    "token_type": "Bearer"
}
Access Token: 1cd9e44883374f5fbb90a6ff91b14a78
HTTP/1.1 200 OK
Content-Length: 351
Content-Type: application/json; charset=utf-8
Date: Wed, 14 Feb 2024 07:03:08 GMT
Server: Microsoft-IIS/10.0
Content-Encoding: gzip
Set-Cookie: ARRAffinity=17ffac1d0f928ba71e6ba3ddfde78e7d0d408b82230881d398995d1e8adbd5b1;Path=/;HttpOnly;Secure;Domain=opsapi.workpulse.com
Set-Cookie: ARRAffinitySameSite=17ffac1d0f928ba71e6ba3ddfde78e7d0d408b82230881d398995d1e8adbd5b1;Path=/;HttpOnly;SameSite=None;Secure;Domain=opsapi.workpulse.com
Vary: Accept-Encoding
X-Powered-By: ASP.NET

{
    "id": 1294,
    "accessID": "4444",
    "notes": "Note created by Automation",
    "journalNoteDateTime": "0001-01-01T00:00:00.000Z",
    "journalNoteDateTimeInternal": "0001-01-01T00:00:00.000",
    "scope": null,
    "scopeId": 1,
    "empId": 4254,
    "empName": null,
    "empTitle": null,
    "empImageId": null,
    "empImageUrl": null,
    "locations": null,
    "regions": null,
    "shifts": null,
    "locationIds": [
        
    ],
    "employeeIds": null,
    "regionIds": [
        
    ],
    "zoneIds": null,
    "subRegionIds": null,
    "shiftIds": [
        
    ],
    "comments": null,
    "attachedImages": [
        
    ]
}
Note Id: 1294
]]></system-out>
  </testcase>
  <testcase name="addbooktask" classname="workpulseapi.AddBookTask" time="2.732">
    <system-out><![CDATA[HTTP/1.1 200 OK
Content-Type: application/json; charset=utf-8
Date: Wed, 14 Feb 2024 07:03:08 GMT
Server: Microsoft-IIS/10.0
Cache-Control: no-store, no-cache, max-age=0, private
Content-Encoding: gzip
Pragma: no-cache
Transfer-Encoding: chunked
Vary: Accept-Encoding
X-AspNet-Version: 4.0.30319
X-Powered-By: ASP.NET

{
    "access_token": "3917b7e103a003bda2515d59c87ca3f9",
    "expires_in": 1209600,
    "token_type": "Bearer"
}
Access Token: 3917b7e103a003bda2515d59c87ca3f9
HTTP/1.1 200 OK
Content-Type: application/json; charset=utf-8
Date: Wed, 14 Feb 2024 07:03:10 GMT
Server: Microsoft-IIS/10.0
Content-Encoding: gzip
Set-Cookie: ARRAffinity=17ffac1d0f928ba71e6ba3ddfde78e7d0d408b82230881d398995d1e8adbd5b1;Path=/;HttpOnly;Secure;Domain=opsapi.workpulse.com
Set-Cookie: ARRAffinitySameSite=17ffac1d0f928ba71e6ba3ddfde78e7d0d408b82230881d398995d1e8adbd5b1;Path=/;HttpOnly;SameSite=None;Secure;Domain=opsapi.workpulse.com
Transfer-Encoding: chunked
Vary: Accept-Encoding
X-Powered-By: ASP.NET

{
    "id": 100392,
    "taskName": "Task Created by Automation_47",
    "categoryId": 2,
    "categories": [
        {
            "text": "None",
            "value": null
        },
        {
            "text": "Backroom Checklist 18",
            "value": 1
        },
        {
            "text": "Cold Holding",
            "value": 2
        },
        {
            "text": "Cooking Temp",
            "value": 6
        },
        {
            "text": "Dairy Dispenser",
            "value": 7
        },
        {
            "text": "Dining Room",
            "value": 8
        },
        {
            "text": "Espresso",
            "value": 10
        },
        {
            "text": "Exterior Checklist",
            "value": 11
        },
        {
            "text": "Flavor Shot Dispenser",
            "value": 23
        },
        {
            "text": "Food Prep Checklist",
            "value": 12
        },
        {
            "text": "Food Safety Checklist",
            "value": 13
        },
        {
            "text": "Frozen Beverage",
            "value": 5
        },
        {
            "text": "Golden Sanitation",
            "value": 31
        },
        {
            "text": "Health & Wellness",
            "value": 29
        },
        {
            "text": "Hot Beverage",
            "value": 4
        },
        {
            "text": "Hot Holding",
            "value": 3
        },
        {
            "text": "Ice Coffee",
            "value": 14
        },
        {
            "text": "Management Task",
            "value": 27
        },
        {
            "text": "Manager Checklist",
            "value": 15
        },
        {
            "text": "Master Sanitation",
            "value": 30
        },
        {
            "text": "Merchandising",
            "value": 9
        },
        {
            "text": "Miscellaneous",
            "value": 25
        },
        {
            "text": "Queuing Area Checklist",
            "value": 17
        },
        {
            "text": "Receiving Log",
            "value": 18
        },
        {
            "text": "Rest Room Checklist",
            "value": 16
        },
        {
            "text": "Safety Checklist",
            "value": 19
        },
        {
            "text": "Sanitizer",
            "value": 20
        },
        {
            "text": "Self Assessment",
            "value": 26
        },
        {
            "text": "Service Area Checklist",
            "value": 21
        },
        {
            "text": "Sugar Dispenser",
            "value": 22
        },
        {
            "text": "Thermometer Calibration",
            "value": 24
        },
        {
            "text": "Veterinary Drug Residues",
            "value": 28
        }
    ],
    "equipmentTypes": [
        {
            "text": "None",
            "value": null
        },
        {
            "text": "Coffee Art Measurements",
            "value": 2
        },
        {
            "text": "Coffee Art Shot Time",
            "value": 15
        },
        {
            "text": "Coke Cooler",
            "value": 13
        },
        {
            "text": "Coolatta",
            "value": 21
        },
        {
            "text": "Dairy Dispenser",
            "value": 7
        },
        {
            "text": "Dual Brewer",
            "value": 4
        },
        {
            "text": "Dual Grinder",
            "value": 1
        },
        {
            "text": "Espresso Machine (Barista)",
            "value": 32
        },
        {
            "text": "Espresso Machine (Coffee Art Touch)",
            "value": 33
        },
        {
            "text": "Flash Freezer",
            "value": 29
        },
        {
            "text": "Flavor Shot Dispenser",
            "value": 24
        },
        {
            "text": "Hash Brown Freezer",
            "value": 30
        },
        {
            "text": "Hot Brewer Calibration",
            "value": 14
        },
        {
            "text": "Hot Holding Unit",
            "value": 9
        },
        {
            "text": "Hot Water Dispenser",
            "value": 31
        },
        {
            "text": "Hot Winter Beverage",
            "value": 23
        },
        {
            "text": "IC Brewer",
            "value": 5
        },
        {
            "text": "Island Oasis",
            "value": 6
        },
        {
            "text": "KFC-Antunes Bun Toaster",
            "value": 156
        },
        {
            "text": "KFC-Ayrking Breading Table",
            "value": 170
        },
        {
            "text": "KFC-Blodgett Biscuit Oven",
            "value": 179
        },
        {
            "text": "KFC-BUNN Hot Water Dispensers ",
            "value": 175
        },
        {
            "text": "KFC-BUNN Tea Brewer",
            "value": 174
        },
        {
            "text": "KFC-BUNN Tea Urns",
            "value": 182
        },
        {
            "text": "KFC-Carter Hoffman Bun Holding Unit",
            "value": 154
        },
        {
            "text": "KFC-Carter Hoffman Fry Dump",
            "value": 162
        },
        {
            "text": "KFC-Carter Hoffman Sides Holding Unit",
            "value": 152
        },
        {
            "text": "KFC-Cold Well",
            "value": 158
        },
        {
            "text": "KFC-Delfield Under counter refrigerator",
            "value": 159
        },
        {
            "text": "KFC-Double Door Refrigerator",
            "value": 181
        },
        {
            "text": "KFC-Drive Thru Headsets ",
            "value": 173
        },
        {
            "text": "KFC-Excel Oven",
            "value": 184
        },
        {
            "text": "KFC-Frymaster Open Fryers",
            "value": 169
        },
        {
            "text": "KFC-Hand sink",
            "value": 177
        },
        {
            "text": "KFC-Henny Penny 1/2 Height Heated Cabinet",
            "value": 150
        },
        {
            "text": "KFC-Henny Penny Full Size Heated Cabinet",
            "value": 151
        },
        {
            "text": "KFC-Henny Penny Pressure Fryers",
            "value": 167
        },
        {
            "text": "KFC-Hot Well",
            "value": 157
        },
        {
            "text": "KFC-Manitowak Ice Maker",
            "value": 165
        },
        {
            "text": "KFC-Mop Sink",
            "value": 178
        },
        {
            "text": "KFC-One Compartment Utility Sink",
            "value": 180
        },
        {
            "text": "KFC-PAR POS System",
            "value": 164
        },
        {
            "text": "KFC-Pepsi Soda Machine",
            "value": 163
        },
        {
            "text": "KFC-Pitco Open Fryers",
            "value": 168
        },
        {
            "text": "KFC-Powersoak 3 Compartment Dishsink",
            "value": 166
        },
        {
            "text": "KFC-Prince Castle Bun Toaster",
            "value": 155
        },
        {
            "text": "KFC-Prince Castle Infared Heating Unit",
            "value": 153
        },
        {
            "text": "KFC-SHARP Microwave",
            "value": 176
        },
        {
            "text": "KFC-Single Door Refrigerator",
            "value": 183
        },
        {
            "text": "KFC-Stand up freezer",
            "value": 161
        },
        {
            "text": "KFC-Stand up Single Door Refrigerator",
            "value": 160
        },
        {
            "text": "KFC-Walk in Cooler",
            "value": 171
        },
        {
            "text": "KFC-Walk in Freezer",
            "value": 172
        },
        {
            "text": "Milk Cooler",
            "value": 37
        },
        {
            "text": "Reachin Cooler",
            "value": 18
        },
        {
            "text": "Reachin Freezer",
            "value": 19
        },
        {
            "text": "Reachin Freezer Combo",
            "value": 28
        },
        {
            "text": "Sandwich Station",
            "value": 12
        },
        {
            "text": "Single Brewer",
            "value": 25
        },
        {
            "text": "Single Grinder",
            "value": 26
        },
        {
            "text": "Softheat Dual Brewer",
            "value": 34
        },
        {
            "text": "Softheat Single Brewer",
            "value": 35
        },
        {
            "text": "Sugar Dispenser",
            "value": 17
        },
        {
            "text": "TAPS",
            "value": 36
        },
        {
            "text": "Thermometer",
            "value": 22
        },
        {
            "text": "Turbochef",
            "value": 8
        },
        {
            "text": "Walkin Cooler",
            "value": 10
        },
        {
            "text": "Walkin Freezer",
            "value": 11
        },
        {
            "text": "Walkin Freezer Combo",
            "value": 27
        },
        {
            "text": "WMF Measurements",
            "value": 3
        },
        {
            "text": "WMF Shot Time",
            "value": 16
        }
    ],
    "empTitles": [
        {
            "id": 3,
            "title": "Area Manager",
            "permissionGroupId": null,
            "permissionGroupIds": [
                4,
                8,
                9,
                10,
                17,
                18,
                20,
                21,
                22,
                23,
                24,
                25,
                27,
                28,
                29,
                30,
                32,
                36
            ],
            "manager": true,
            "inManageUser": true,
            "importUserType": 2,
            "laborAmountCoaId": null,
            "laborHoursCoaId": null,
            "titleDataViewSettings": {
                "book": {
                    "bookDataViewDaysLimit": 360,
                    "bookBluetoothDevice": true
                },
                "wow": {
                    "organizationPostAllowed": false,
                    "defaultRestrictionSelection": 0,
                    "restrictWowComment": true
                },
                "audit": {
                    "auditDataViewDaysLimit": 90,
                    "auditBluetoothDevice": true
                },
                "notes": {
                    "defaultNoteTypeId": 3
                }
            }
        },
        {
            "id": 6,
            "title": "Assistant Manager",
            "permissionGroupId": null,
            "permissionGroupIds": [
                7,
                8,
                20,
                22,
                23
            ],
            "manager": true,
            "inManageUser": true,
            "importUserType": 2,
            "laborAmountCoaId": null,
            "laborHoursCoaId": null,
            "titleDataViewSettings": {
                "book": {
                    "bookDataViewDaysLimit": 90,
                    "bookBluetoothDevice": true
                },
                "wow": {
                    "organizationPostAllowed": false,
                    "defaultRestrictionSelection": 0,
                    "restrictWowComment": true
                },
                "audit": {
                    "auditDataViewDaysLimit": 0,
                    "auditBluetoothDevice": false
                },
                "notes": {
                    "defaultNoteTypeId": 3
                }
            }
        },
        {
            "id": 13,
            "title": "BRV",
            "permissionGroupId": null,
            "permissionGroupIds": [
                4,
                9,
                10,
                21,
                24,
                32
            ],
            "manager": true,
            "inManageUser": true,
            "importUserType": 2,
            "laborAmountCoaId": null,
            "laborHoursCoaId": null,
            "titleDataViewSettings": {
                "book": {
                    "bookDataViewDaysLimit": 300,
                    "bookBluetoothDevice": true
                },
                "wow": {
                    "organizationPostAllowed": false,
                    "defaultRestrictionSelection": 0,
                    "restrictWowComment": true
                },
                "audit": {
                    "auditDataViewDaysLimit": 0,
                    "auditBluetoothDevice": true
                },
                "notes": {
                    "defaultNoteTypeId": 2
                }
            }
        },
        {
            "id": 2,
            "title": "Director Of Operations",
            "permissionGroupId": null,
            "permissionGroupIds": [
                4,
                32
            ],
            "manager": true,
            "inManageUser": true,
            "importUserType": 1,
            "laborAmountCoaId": null,
            "laborHoursCoaId": null,
            "titleDataViewSettings": {
                "book": {
                    "bookDataViewDaysLimit": 90,
                    "bookBluetoothDevice": true
                },
                "wow": {
                    "organizationPostAllowed": false,
                    "defaultRestrictionSelection": 0,
                    "restrictWowComment": false
                },
                "audit": {
                    "auditDataViewDaysLimit": 1500,
                    "auditBluetoothDevice": true
                },
                "notes": {
                    "defaultNoteTypeId": 3
                }
            }
        },
        {
            "id": 24,
            "title": "Director Of Operations",
            "permissionGroupId": null,
            "permissionGroupIds": [
                8,
                35
            ],
            "manager": false,
            "inManageUser": false,
            "importUserType": 2,
            "laborAmountCoaId": null,
            "laborHoursCoaId": null,
            "titleDataViewSettings": {
                "book": {
                    "bookDataViewDaysLimit": 0,
                    "bookBluetoothDevice": true
                },
                "wow": {
                    "organizationPostAllowed": false,
                    "defaultRestrictionSelection": 0,
                    "restrictWowComment": false
                },
                "audit": {
                    "auditDataViewDaysLimit": 0,
                    "auditBluetoothDevice": true
                },
                "notes": {
                    "defaultNoteTypeId": 3
                }
            }
        },
        {
            "id": 1,
            "title": "Franchisee",
            "permissionGroupId": 4,
            "permissionGroupIds": [
                4,
                26
            ],
            "manager": true,
            "inManageUser": true,
            "importUserType": 2,
            "laborAmountCoaId": null,
            "laborHoursCoaId": null,
            "titleDataViewSettings": {
                "book": {
                    "bookDataViewDaysLimit": 90,
                    "bookBluetoothDevice": true
                },
                "wow": {
                    "organizationPostAllowed": false,
                    "defaultRestrictionSelection": 0,
                    "restrictWowComment": false
                },
                "audit": {
                    "auditDataViewDaysLimit": 0,
                    "auditBluetoothDevice": true
                },
                "notes": {
                    "defaultNoteTypeId": 1
                }
            }
        },
        {
            "id": 22,
            "title": "HR and Management",
            "permissionGroupId": null,
            "permissionGroupIds": [
                24
            ],
            "manager": false,
            "inManageUser": false,
            "importUserType": 2,
            "laborAmountCoaId": null,
            "laborHoursCoaId": null,
            "titleDataViewSettings": {
                "book": {
                    "bookDataViewDaysLimit": 0,
                    "bookBluetoothDevice": true
                },
                "wow": {
                    "organizationPostAllowed": false,
                    "defaultRestrictionSelection": 0,
                    "restrictWowComment": false
                },
                "audit": {
                    "auditDataViewDaysLimit": 0,
                    "auditBluetoothDevice": true
                },
                "notes": {
                    "defaultNoteTypeId": 3
                }
            }
        },
        {
            "id": 17,
            "title": "Human Resource Specialist",
            "permissionGroupId": null,
            "permissionGroupIds": [
                24
            ],
            "manager": true,
            "inManageUser": true,
            "importUserType": 2,
            "laborAmountCoaId": null,
            "laborHoursCoaId": null,
            "titleDataViewSettings": {
                "book": {
                    "bookDataViewDaysLimit": 100,
                    "bookBluetoothDevice": true
                },
                "wow": {
                    "organizationPostAllowed": false,
                    "defaultRestrictionSelection": 0,
                    "restrictWowComment": true
                },
                "audit": {
                    "auditDataViewDaysLimit": 0,
                    "auditBluetoothDevice": false
                },
                "notes": {
                    "defaultNoteTypeId": 3
                }
            }
        },
        {
            "id": 21,
            "title": "Junior engineer",
            "permissionGroupId": null,
            "permissionGroupIds": [
                34
            ],
            "manager": true,
            "inManageUser": true,
            "importUserType": 2,
            "laborAmountCoaId": null,
            "laborHoursCoaId": null,
            "titleDataViewSettings": {
                "book": {
                    "bookDataViewDaysLimit": 0,
                    "bookBluetoothDevice": true
                },
                "wow": {
                    "organizationPostAllowed": false,
                    "defaultRestrictionSelection": 0,
                    "restrictWowComment": false
                },
                "audit": {
                    "auditDataViewDaysLimit": 0,
                    "auditBluetoothDevice": true
                },
                "notes": {
                    "defaultNoteTypeId": 1
                }
            }
        },
        {
            "id": 20,
            "title": "Junior manager",
            "permissionGroupId": null,
            "permissionGroupIds": [
                4,
                6,
                8,
                9,
                21,
                22
            ],
            "manager": false,
            "inManageUser": false,
            "importUserType": 0,
            "laborAmountCoaId": null,
            "laborHoursCoaId": null,
            "titleDataViewSettings": {
                "book": {
                    "bookDataViewDaysLimit": 0,
                    "bookBluetoothDevice": true
                },
                "wow": {
                    "organizationPostAllowed": false,
                    "defaultRestrictionSelection": 0,
                    "restrictWowComment": false
                },
                "audit": {
                    "auditDataViewDaysLimit": 0,
                    "auditBluetoothDevice": true
                },
                "notes": {
                    "defaultNoteTypeId": 2
                }
            }
        },
        {
            "id": 9,
            "title": "Learner",
            "permissionGroupId": null,
            "permissionGroupIds": [
                24
            ],
            "manager": true,
            "inManageUser": true,
            "importUserType": 2,
            "laborAmountCoaId": null,
            "laborHoursCoaId": null,
            "titleDataViewSettings": {
                "book": {
                    "bookDataViewDaysLimit": 0,
                    "bookBluetoothDevice": true
                },
                "wow": {
                    "organizationPostAllowed": false,
                    "defaultRestrictionSelection": 0,
                    "restrictWowComment": true
                },
                "audit": {
                    "auditDataViewDaysLimit": 0,
                    "auditBluetoothDevice": true
                },
                "notes": {
                    "defaultNoteTypeId": 3
                }
            }
        },
        {
            "id": 16,
            "title": "Maintence Technician",
            "permissionGroupId": null,
            "permissionGroupIds": [
                26
            ],
            "manager": true,
            "inManageUser": true,
            "importUserType": 2,
            "laborAmountCoaId": null,
            "laborHoursCoaId": null,
            "titleDataViewSettings": {
                "book": {
                    "bookDataViewDaysLimit": 0,
                    "bookBluetoothDevice": true
                },
                "wow": {
                    "organizationPostAllowed": false,
                    "defaultRestrictionSelection": 0,
                    "restrictWowComment": false
                },
                "audit": {
                    "auditDataViewDaysLimit": 0,
                    "auditBluetoothDevice": true
                },
                "notes": {
                    "defaultNoteTypeId": 2
                }
            }
        },
        {
            "id": 5,
            "title": "Multi-unit Manager",
            "permissionGroupId": null,
            "permissionGroupIds": [
                5,
                6,
                7
            ],
            "manager": true,
            "inManageUser": false,
            "importUserType": 1,
            "laborAmountCoaId": null,
            "laborHoursCoaId": null,
            "titleDataViewSettings": {
                "book": {
                    "bookDataViewDaysLimit": 0,
                    "bookBluetoothDevice": true
                },
                "wow": {
                    "organizationPostAllowed": false,
                    "defaultRestrictionSelection": 0,
                    "restrictWowComment": false
                },
                "audit": {
                    "auditDataViewDaysLimit": 0,
                    "auditBluetoothDevice": false
                },
                "notes": {
                    "defaultNoteTypeId": 3
                }
            }
        },
        {
            "id": 23,
            "title": "Quality manager",
            "permissionGroupId": null,
            "permissionGroupIds": [
                4,
                5,
                6,
                7,
                8,
                9,
                10,
                12,
                13,
                14,
                15,
                17,
                18,
                19,
                20,
                21,
                22,
                23,
                24,
                25,
                26,
                27,
                28,
                29,
                30,
                31,
                32,
                33,
                34,
                35
            ],
            "manager": true,
            "inManageUser": true,
            "importUserType": 1,
            "laborAmountCoaId": null,
            "laborHoursCoaId": null,
            "titleDataViewSettings": {
                "book": {
                    "bookDataViewDaysLimit": 0,
                    "bookBluetoothDevice": true
                },
                "wow": {
                    "organizationPostAllowed": false,
                    "defaultRestrictionSelection": 0,
                    "restrictWowComment": false
                },
                "audit": {
                    "auditDataViewDaysLimit": 0,
                    "auditBluetoothDevice": true
                },
                "notes": {
                    "defaultNoteTypeId": 3
                }
            }
        },
        {
            "id": 4,
            "title": "Restaurant General Manager",
            "permissionGroupId": null,
            "permissionGroupIds": [
                5,
                6,
                8,
                20,
                22
            ],
            "manager": true,
            "inManageUser": true,
            "importUserType": 2,
            "laborAmountCoaId": null,
            "laborHoursCoaId": null,
            "titleDataViewSettings": {
                "book": {
                    "bookDataViewDaysLimit": 0,
                    "bookBluetoothDevice": false
                },
                "wow": {
                    "organizationPostAllowed": false,
                    "defaultRestrictionSelection": 0,
                    "restrictWowComment": true
                },
                "audit": {
                    "auditDataViewDaysLimit": 0,
                    "auditBluetoothDevice": false
                },
                "notes": {
                    "defaultNoteTypeId": 2
                }
            }
        },
        {
            "id": 19,
            "title": "Senior Manager",
            "permissionGroupId": null,
            "permissionGroupIds": [
                5,
                6,
                7,
                10,
                14,
                17,
                19,
                22,
                23,
                24,
                26,
                27,
                28,
                29,
                31,
                32
            ],
            "manager": true,
            "inManageUser": true,
            "importUserType": 2,
            "laborAmountCoaId": null,
            "laborHoursCoaId": null,
            "titleDataViewSettings": {
                "book": {
                    "bookDataViewDaysLimit": 0,
                    "bookBluetoothDevice": true
                },
                "wow": {
                    "organizationPostAllowed": false,
                    "defaultRestrictionSelection": 0,
                    "restrictWowComment": true
                },
                "audit": {
                    "auditDataViewDaysLimit": 0,
                    "auditBluetoothDevice": true
                },
                "notes": {
                    "defaultNoteTypeId": 2
                }
            }
        },
        {
            "id": 7,
            "title": "Shift Leader",
            "permissionGroupId": null,
            "permissionGroupIds": [
                8,
                9,
                22
            ],
            "manager": true,
            "inManageUser": true,
            "importUserType": 1,
            "laborAmountCoaId": null,
            "laborHoursCoaId": null,
            "titleDataViewSettings": {
                "book": {
                    "bookDataViewDaysLimit": 0,
                    "bookBluetoothDevice": false
                },
                "wow": {
                    "organizationPostAllowed": false,
                    "defaultRestrictionSelection": 0,
                    "restrictWowComment": false
                },
                "audit": {
                    "auditDataViewDaysLimit": 0,
                    "auditBluetoothDevice": true
                },
                "notes": {
                    "defaultNoteTypeId": 2
                }
            }
        },
        {
            "id": 14,
            "title": "Store Manager",
            "permissionGroupId": null,
            "permissionGroupIds": [
                10
            ],
            "manager": true,
            "inManageUser": true,
            "importUserType": 2,
            "laborAmountCoaId": null,
            "laborHoursCoaId": null,
            "titleDataViewSettings": {
                "book": {
                    "bookDataViewDaysLimit": 0,
                    "bookBluetoothDevice": false
                },
                "wow": {
                    "organizationPostAllowed": false,
                    "defaultRestrictionSelection": 0,
                    "restrictWowComment": true
                },
                "audit": {
                    "auditDataViewDaysLimit": 0,
                    "auditBluetoothDevice": true
                },
                "notes": {
                    "defaultNoteTypeId": 1
                }
            }
        },
        {
            "id": 10,
            "title": "Team Lead",
            "permissionGroupId": 9,
            "permissionGroupIds": [
                24
            ],
            "manager": false,
            "inManageUser": false,
            "importUserType": 2,
            "laborAmountCoaId": null,
            "laborHoursCoaId": null,
            "titleDataViewSettings": {
                "book": {
                    "bookDataViewDaysLimit": 0,
                    "bookBluetoothDevice": true
                },
                "wow": {
                    "organizationPostAllowed": false,
                    "defaultRestrictionSelection": 0,
                    "restrictWowComment": false
                },
                "audit": {
                    "auditDataViewDaysLimit": 0,
                    "auditBluetoothDevice": false
                },
                "notes": {
                    "defaultNoteTypeId": 3
                }
            }
        },
        {
            "id": 8,
            "title": "Team Member",
            "permissionGroupId": null,
            "permissionGroupIds": [
                9
            ],
            "manager": true,
            "inManageUser": true,
            "importUserType": 2,
            "laborAmountCoaId": null,
            "laborHoursCoaId": null,
            "titleDataViewSettings": {
                "book": {
                    "bookDataViewDaysLimit": 95,
                    "bookBluetoothDevice": true
                },
                "wow": {
                    "organizationPostAllowed": false,
                    "defaultRestrictionSelection": 0,
                    "restrictWowComment": false
                },
                "audit": {
                    "auditDataViewDaysLimit": 0,
                    "auditBluetoothDevice": true
                },
                "notes": {
                    "defaultNoteTypeId": 3
                }
            }
        }
    ],
    "empRoles": [
        {
            "id": 13,
            "permissionGroupName": "Above Restaurant News",
            "description": "Above Restaurant news access",
            "permissionIds": [
                175
            ],
            "permissionDetails": [
                {
                    "id": 665,
                    "permissionGroupId": 13,
                    "permissionId": 175,
                    "permissionName": "General Task",
                    "sourceId": 1365,
                    "addPermission": false,
                    "updatePermission": false,
                    "deletePermission": false,
                    "postPermission": false,
                    "appId": 6,
                    "appName": "Book",
                    "operations": false
                }
            ],
            "appId": null,
            "appName": null,
            "master": false,
            "news": true,
            "sourceId": 13,
            "local": false
        },
        {
            "id": 8,
            "permissionGroupName": "App Admin",
            "description": "Ability to manage the application settings for the organization.",
            "permissionIds": [
                3,
                12,
                13,
                14,
                15,
                16,
                60,
                61,
                63,
                83,
                84,
                91,
                93,
                95,
                96,
                97,
                98,
                100,
                102,
                103,
                123,
                131,
                136,
                149,
                150,
                151,
                152,
                153,
                160,
                161,
                162,
                174,
                261,
                262
            ],
            "permissionDetails": [
                {
                    "id": 650,
                    "permissionGroupId": 8,
                    "permissionId": 261,
                    "permissionName": "Asset Instance",
                    "sourceId": 261,
                    "addPermission": false,
                    "updatePermission": false,
                    "deletePermission": false,
                    "postPermission": false,
                    "appId": 32,
                    "appName": "Asset",
                    "operations": false
                },
                {
                    "id": 653,
                    "permissionGroupId": 8,
                    "permissionId": 262,
                    "permissionName": "Asset Service Log",
                    "sourceId": 262,
                    "addPermission": false,
                    "updatePermission": false,
                    "deletePermission": false,
                    "postPermission": false,
                    "appId": 32,
                    "appName": "Asset",
                    "operations": false
                },
                {
                    "id": 262,
                    "permissionGroupId": 8,
                    "permissionId": 3,
                    "permissionName": "Wow Admin",
                    "sourceId": 1011,
                    "addPermission": false,
                    "updatePermission": false,
                    "deletePermission": false,
                    "postPermission": false,
                    "appId": 4,
                    "appName": "Wow",
                    "operations": false
                },
                {
                    "id": 263,
                    "permissionGroupId": 8,
                    "permissionId": 95,
                    "permissionName": "Task Management",
                    "sourceId": 1013,
                    "addPermission": false,
                    "updatePermission": false,
                    "deletePermission": false,
                    "postPermission": false,
                    "appId": 3,
                    "appName": "Task",
                    "operations": false
                },
                {
                    "id": 271,
                    "permissionGroupId": 8,
                    "permissionId": 96,
                    "permissionName": "Complaint Management",
                    "sourceId": 1023,
                    "addPermission": false,
                    "updatePermission": false,
                    "deletePermission": false,
                    "postPermission": false,
                    "appId": 1,
                    "appName": "GiSMo",
                    "operations": false
                },
                {
                    "id": 272,
                    "permissionGroupId": 8,
                    "permissionId": 98,
                    "permissionName": "Audit Management",
                    "sourceId": 1024,
                    "addPermission": false,
                    "updatePermission": false,
                    "deletePermission": false,
                    "postPermission": false,
                    "appId": 2,
                    "appName": "Audit",
                    "operations": false
                },
                {
                    "id": 273,
                    "permissionGroupId": 8,
                    "permissionId": 151,
                    "permissionName": "Critical Task",
                    "sourceId": 1025,
                    "addPermission": false,
                    "updatePermission": false,
                    "deletePermission": false,
                    "postPermission": false,
                    "appId": 6,
                    "appName": "Book",
                    "operations": false
                },
                {
                    "id": 274,
                    "permissionGroupId": 8,
                    "permissionId": 97,
                    "permissionName": "Quiz Management",
                    "sourceId": 1026,
                    "addPermission": false,
                    "updatePermission": false,
                    "deletePermission": false,
                    "postPermission": false,
                    "appId": 14,
                    "appName": "Quiz",
                    "operations": false
                },
                {
                    "id": 275,
                    "permissionGroupId": 8,
                    "permissionId": 93,
                    "permissionName": "Location Management",
                    "sourceId": 1027,
                    "addPermission": false,
                    "updatePermission": false,
                    "deletePermission": false,
                    "postPermission": false,
                    "appId": 29,
                    "appName": "Admin",
                    "operations": false
                },
                {
                    "id": 278,
                    "permissionGroupId": 8,
                    "permissionId": 131,
                    "permissionName": "Appendix Admin",
                    "sourceId": 1030,
                    "addPermission": false,
                    "updatePermission": false,
                    "deletePermission": false,
                    "postPermission": false,
                    "appId": 29,
                    "appName": "Admin",
                    "operations": false
                },
                {
                    "id": 279,
                    "permissionGroupId": 8,
                    "permissionId": 136,
                    "permissionName": "Unlinked Employee Admin",
                    "sourceId": 1031,
                    "addPermission": false,
                    "updatePermission": false,
                    "deletePermission": false,
                    "postPermission": false,
                    "appId": 29,
                    "appName": "Admin",
                    "operations": false
                },
                {
                    "id": 280,
                    "permissionGroupId": 8,
                    "permissionId": 153,
                    "permissionName": "Custom Audit Forms",
                    "sourceId": 1032,
                    "addPermission": false,
                    "updatePermission": false,
                    "deletePermission": false,
                    "postPermission": false,
                    "appId": 2,
                    "appName": "Audit",
                    "operations": false
                },
                {
                    "id": 281,
                    "permissionGroupId": 8,
                    "permissionId": 152,
                    "permissionName": "Email Summary Report",
                    "sourceId": 1033,
                    "addPermission": false,
                    "updatePermission": false,
                    "deletePermission": false,
                    "postPermission": false,
                    "appId": 29,
                    "appName": "Admin",
                    "operations": false
                },
                {
                    "id": 282,
                    "permissionGroupId": 8,
                    "permissionId": 83,
                    "permissionName": "Secure Information",
                    "sourceId": 1034,
                    "addPermission": false,
                    "updatePermission": false,
                    "deletePermission": false,
                    "postPermission": false,
                    "appId": 29,
                    "appName": "Admin",
                    "operations": false
                },
                {
                    "id": 283,
                    "permissionGroupId": 8,
                    "permissionId": 150,
                    "permissionName": "Geo Fence",
                    "sourceId": 1035,
                    "addPermission": false,
                    "updatePermission": false,
                    "deletePermission": false,
                    "postPermission": false,
                    "appId": 29,
                    "appName": "Admin",
                    "operations": false
                },
                {
                    "id": 284,
                    "permissionGroupId": 8,
                    "permissionId": 149,
                    "permissionName": "IoT",
                    "sourceId": 1036,
                    "addPermission": false,
                    "updatePermission": false,
                    "deletePermission": false,
                    "postPermission": false,
                    "appId": 29,
                    "appName": "Admin",
                    "operations": false
                },
                {
                    "id": 468,
                    "permissionGroupId": 8,
                    "permissionId": 174,
                    "permissionName": "Shift Task",
                    "sourceId": 1241,
                    "addPermission": false,
                    "updatePermission": false,
                    "deletePermission": false,
                    "postPermission": false,
                    "appId": 6,
                    "appName": "Book",
                    "operations": false
                },
                {
                    "id": 469,
                    "permissionGroupId": 8,
                    "permissionId": 162,
                    "permissionName": "Book Forms - Basic",
                    "sourceId": 1242,
                    "addPermission": false,
                    "updatePermission": false,
                    "deletePermission": false,
                    "postPermission": false,
                    "appId": 6,
                    "appName": "Book",
                    "operations": false
                },
                {
                    "id": 470,
                    "permissionGroupId": 8,
                    "permissionId": 160,
                    "permissionName": "Book Forms - Advanced",
                    "sourceId": 1243,
                    "addPermission": false,
                    "updatePermission": false,
                    "deletePermission": false,
                    "postPermission": false,
                    "appId": 6,
                    "appName": "Book",
                    "operations": false
                },
                {
                    "id": 471,
                    "permissionGroupId": 8,
                    "permissionId": 161,
                    "permissionName": "Book Forms - Reports",
                    "sourceId": 1244,
                    "addPermission": false,
                    "updatePermission": false,
                    "deletePermission": false,
                    "postPermission": false,
                    "appId": 6,
                    "appName": "Book",
                    "operations": false
                },
                {
                    "id": 290,
                    "permissionGroupId": 8,
                    "permissionId": 102,
                    "permissionName": "Clone-Inventory-Template",
                    "sourceId": 1045,
                    "addPermission": false,
                    "updatePermission": false,
                    "deletePermission": false,
                    "postPermission": false,
                    "appId": 18,
                    "appName": "Inventory",
                    "operations": false
                },
                {
                    "id": 291,
                    "permissionGroupId": 8,
                    "permissionId": 16,
                    "permissionName": "Inventory Bins",
                    "sourceId": 1046,
                    "addPermission": false,
                    "updatePermission": false,
                    "deletePermission": false,
                    "postPermission": false,
                    "appId": 18,
                    "appName": "Inventory",
                    "operations": true
                },
                {
                    "id": 292,
                    "permissionGroupId": 8,
                    "permissionId": 91,
                    "permissionName": "Inventory Dashboard",
                    "sourceId": 1047,
                    "addPermission": false,
                    "updatePermission": false,
                    "deletePermission": false,
                    "postPermission": false,
                    "appId": 18,
                    "appName": "Inventory",
                    "operations": false
                },
                {
                    "id": 293,
                    "permissionGroupId": 8,
                    "permissionId": 15,
                    "permissionName": "Inventory Departments",
                    "sourceId": 1048,
                    "addPermission": false,
                    "updatePermission": false,
                    "deletePermission": false,
                    "postPermission": false,
                    "appId": 18,
                    "appName": "Inventory",
                    "operations": true
                },
                {
                    "id": 294,
                    "permissionGroupId": 8,
                    "permissionId": 12,
                    "permissionName": "Inventory Items",
                    "sourceId": 1049,
                    "addPermission": false,
                    "updatePermission": false,
                    "deletePermission": false,
                    "postPermission": false,
                    "appId": 18,
                    "appName": "Inventory",
                    "operations": false
                },
                {
                    "id": 295,
                    "permissionGroupId": 8,
                    "permissionId": 14,
                    "permissionName": "Inventory Locations",
                    "sourceId": 1050,
                    "addPermission": false,
                    "updatePermission": false,
                    "deletePermission": false,
                    "postPermission": false,
                    "appId": 18,
                    "appName": "Inventory",
                    "operations": true
                },
                {
                    "id": 296,
                    "permissionGroupId": 8,
                    "permissionId": 13,
                    "permissionName": "Inventory Templates",
                    "sourceId": 1051,
                    "addPermission": false,
                    "updatePermission": false,
                    "deletePermission": false,
                    "postPermission": false,
                    "appId": 18,
                    "appName": "Inventory",
                    "operations": true
                },
                {
                    "id": 297,
                    "permissionGroupId": 8,
                    "permissionId": 103,
                    "permissionName": "Clone-Prep-Template",
                    "sourceId": 1052,
                    "addPermission": false,
                    "updatePermission": false,
                    "deletePermission": false,
                    "postPermission": false,
                    "appId": 20,
                    "appName": "Prep",
                    "operations": false
                },
                {
                    "id": 298,
                    "permissionGroupId": 8,
                    "permissionId": 61,
                    "permissionName": "ParLevel",
                    "sourceId": 1053,
                    "addPermission": false,
                    "updatePermission": false,
                    "deletePermission": false,
                    "postPermission": false,
                    "appId": 20,
                    "appName": "Prep",
                    "operations": true
                },
                {
                    "id": 299,
                    "permissionGroupId": 8,
                    "permissionId": 63,
                    "permissionName": "Prep Admin Settings",
                    "sourceId": 1054,
                    "addPermission": false,
                    "updatePermission": false,
                    "deletePermission": false,
                    "postPermission": false,
                    "appId": 20,
                    "appName": "Prep",
                    "operations": true
                },
                {
                    "id": 300,
                    "permissionGroupId": 8,
                    "permissionId": 123,
                    "permissionName": "Prep Forecast",
                    "sourceId": 1055,
                    "addPermission": false,
                    "updatePermission": false,
                    "deletePermission": false,
                    "postPermission": false,
                    "appId": 20,
                    "appName": "Prep",
                    "operations": false
                },
                {
                    "id": 301,
                    "permissionGroupId": 8,
                    "permissionId": 60,
                    "permissionName": "Template-Prep",
                    "sourceId": 1056,
                    "addPermission": false,
                    "updatePermission": false,
                    "deletePermission": false,
                    "postPermission": false,
                    "appId": 20,
                    "appName": "Prep",
                    "operations": true
                },
                {
                    "id": 302,
                    "permissionGroupId": 8,
                    "permissionId": 100,
                    "permissionName": "RMS Management",
                    "sourceId": 1057,
                    "addPermission": false,
                    "updatePermission": false,
                    "deletePermission": false,
                    "postPermission": false,
                    "appId": 23,
                    "appName": "RMS",
                    "operations": false
                },
                {
                    "id": 303,
                    "permissionGroupId": 8,
                    "permissionId": 84,
                    "permissionName": "Sales Admin Settings",
                    "sourceId": 1058,
                    "addPermission": false,
                    "updatePermission": false,
                    "deletePermission": false,
                    "postPermission": false,
                    "appId": 19,
                    "appName": "Sales",
                    "operations": false
                }
            ],
            "appId": null,
            "appName": null,
            "master": true,
            "news": false,
            "sourceId": 8,
            "local": false
        },
        {
            "id": 22,
            "permissionGroupName": "Audit Admin",
            "description": "Admin capabilities for audit",
            "permissionIds": [
                5,
                98
            ],
            "permissionDetails": [
                {
                    "id": 571,
                    "permissionGroupId": 22,
                    "permissionId": 5,
                    "permissionName": "Audit Admin",
                    "sourceId": 1384,
                    "addPermission": false,
                    "updatePermission": false,
                    "deletePermission": false,
                    "postPermission": false,
                    "appId": 2,
                    "appName": "Audit",
                    "operations": false
                },
                {
                    "id": 575,
                    "permissionGroupId": 22,
                    "permissionId": 98,
                    "permissionName": "Audit Management",
                    "sourceId": 1385,
                    "addPermission": false,
                    "updatePermission": false,
                    "deletePermission": false,
                    "postPermission": false,
                    "appId": 2,
                    "appName": "Audit",
                    "operations": false
                }
            ],
            "appId": 2,
            "appName": "Audit",
            "master": false,
            "news": false,
            "sourceId": 223,
            "local": false
        },
        {
            "id": 21,
            "permissionGroupName": "Audit Advanced",
            "description": "Advanced Audit user",
            "permissionIds": [
                98,
                113,
                135,
                153,
                154,
                183
            ],
            "permissionDetails": [
                {
                    "id": 579,
                    "permissionGroupId": 21,
                    "permissionId": 135,
                    "permissionName": "Audit Advance",
                    "sourceId": 1379,
                    "addPermission": false,
                    "updatePermission": false,
                    "deletePermission": false,
                    "postPermission": false,
                    "appId": 2,
                    "appName": "Audit",
                    "operations": false
                },
                {
                    "id": 559,
                    "permissionGroupId": 21,
                    "permissionId": 113,
                    "permissionName": "Audit Completion Report",
                    "sourceId": 1378,
                    "addPermission": false,
                    "updatePermission": false,
                    "deletePermission": false,
                    "postPermission": false,
                    "appId": 2,
                    "appName": "Audit",
                    "operations": false
                },
                {
                    "id": 539,
                    "permissionGroupId": 21,
                    "permissionId": 183,
                    "permissionName": "Audit Reassign and Pickup",
                    "sourceId": 1383,
                    "addPermission": false,
                    "updatePermission": false,
                    "deletePermission": false,
                    "postPermission": false,
                    "appId": 2,
                    "appName": "Audit",
                    "operations": false
                },
                {
                    "id": 541,
                    "permissionGroupId": 21,
                    "permissionId": 98,
                    "permissionName": "Audit Management",
                    "sourceId": 1377,
                    "addPermission": false,
                    "updatePermission": false,
                    "deletePermission": false,
                    "postPermission": false,
                    "appId": 2,
                    "appName": "Audit",
                    "operations": false
                },
                {
                    "id": 546,
                    "permissionGroupId": 21,
                    "permissionId": 154,
                    "permissionName": "Ad-hoc Audit",
                    "sourceId": 1380,
                    "addPermission": false,
                    "updatePermission": false,
                    "deletePermission": false,
                    "postPermission": false,
                    "appId": 2,
                    "appName": "Audit",
                    "operations": false
                },
                {
                    "id": 551,
                    "permissionGroupId": 21,
                    "permissionId": 153,
                    "permissionName": "Custom Audit Forms",
                    "sourceId": 1381,
                    "addPermission": false,
                    "updatePermission": false,
                    "deletePermission": false,
                    "postPermission": false,
                    "appId": 2,
                    "appName": "Audit",
                    "operations": false
                }
            ],
            "appId": 2,
            "appName": "Audit",
            "master": false,
            "news": false,
            "sourceId": 222,
            "local": false
        },
        {
            "id": 35,
            "permissionGroupName": "Audit Dashboard",
            "description": "Audit Dashboard Access",
            "permissionIds": [
                323
            ],
            "permissionDetails": [
                {
                    "id": 2038,
                    "permissionGroupId": 35,
                    "permissionId": 323,
                    "permissionName": "Audit Dashboard",
                    "sourceId": null,
                    "addPermission": false,
                    "updatePermission": false,
                    "deletePermission": false,
                    "postPermission": false,
                    "appId": 2,
                    "appName": "Audit",
                    "operations": false
                }
            ],
            "appId": null,
            "appName": null,
            "master": false,
            "news": false,
            "sourceId": null,
            "local": true
        },
        {
            "id": 9,
            "permissionGroupName": "Basic User",
            "description": "Basic application user.",
            "permissionIds": [
                106,
                107,
                108,
                109,
                129,
                162,
                215
            ],
            "permissionDetails": [
                {
                    "id": 289,
                    "permissionGroupId": 9,
                    "permissionId": 162,
                    "permissionName": "Book Forms - Basic",
                    "sourceId": 1042,
                    "addPermission": false,
                    "updatePermission": false,
                    "deletePermission": false,
                    "postPermission": false,
                    "appId": 6,
                    "appName": "Book",
                    "operations": false
                },
                {
                    "id": 454,
                    "permissionGroupId": 9,
                    "permissionId": 106,
                    "permissionName": "Waste - Iced Beverage",
                    "sourceId": 1209,
                    "addPermission": true,
                    "updatePermission": false,
                    "deletePermission": true,
                    "postPermission": true,
                    "appId": 18,
                    "appName": "Inventory",
                    "operations": true
                },
                {
                    "id": 455,
                    "permissionGroupId": 9,
                    "permissionId": 107,
                    "permissionName": "Waste - Hot Beverage",
                    "sourceId": 1210,
                    "addPermission": true,
                    "updatePermission": false,
                    "deletePermission": true,
                    "postPermission": true,
                    "appId": 18,
                    "appName": "Inventory",
                    "operations": true
                },
                {
                    "id": 456,
                    "permissionGroupId": 9,
                    "permissionId": 129,
                    "permissionName": "Inventory Review",
                    "sourceId": 1211,
                    "addPermission": false,
                    "updatePermission": false,
                    "deletePermission": false,
                    "postPermission": false,
                    "appId": 18,
                    "appName": "Inventory",
                    "operations": true
                },
                {
                    "id": 457,
                    "permissionGroupId": 9,
                    "permissionId": 108,
                    "permissionName": "Waste - Meat & Eggs",
                    "sourceId": 1212,
                    "addPermission": false,
                    "updatePermission": false,
                    "deletePermission": false,
                    "postPermission": false,
                    "appId": 18,
                    "appName": "Inventory",
                    "operations": true
                },
                {
                    "id": 458,
                    "permissionGroupId": 9,
                    "permissionId": 109,
                    "permissionName": "Physical Inventory - Iced Beverage",
                    "sourceId": 1213,
                    "addPermission": false,
                    "updatePermission": false,
                    "deletePermission": false,
                    "postPermission": false,
                    "appId": 18,
                    "appName": "Inventory",
                    "operations": true
                },
                {
                    "id": 532,
                    "permissionGroupId": 9,
                    "permissionId": 215,
                    "permissionName": "Assessment Permission",
                    "sourceId": 1317,
                    "addPermission": false,
                    "updatePermission": false,
                    "deletePermission": false,
                    "postPermission": false,
                    "appId": 7,
                    "appName": "People",
                    "operations": false
                }
            ],
            "appId": null,
            "appName": null,
            "master": true,
            "news": false,
            "sourceId": 9,
            "local": false
        },
        {
            "id": 20,
            "permissionGroupName": "Book Advanced",
            "description": "Advanced Book user",
            "permissionIds": [
                4,
                94,
                151,
                160,
                161,
                162,
                173,
                174,
                175,
                176
            ],
            "permissionDetails": [
                {
                    "id": 533,
                    "permissionGroupId": 20,
                    "permissionId": 174,
                    "permissionName": "Shift Task",
                    "sourceId": 1374,
                    "addPermission": false,
                    "updatePermission": false,
                    "deletePermission": false,
                    "postPermission": false,
                    "appId": 6,
                    "appName": "Book",
                    "operations": false
                },
                {
                    "id": 553,
                    "permissionGroupId": 20,
                    "permissionId": 175,
                    "permissionName": "General Task",
                    "sourceId": 1375,
                    "addPermission": false,
                    "updatePermission": false,
                    "deletePermission": false,
                    "postPermission": false,
                    "appId": 6,
                    "appName": "Book",
                    "operations": false
                },
                {
                    "id": 560,
                    "permissionGroupId": 20,
                    "permissionId": 176,
                    "permissionName": "Book Advance - CA",
                    "sourceId": 1376,
                    "addPermission": false,
                    "updatePermission": false,
                    "deletePermission": false,
                    "postPermission": false,
                    "appId": 6,
                    "appName": "Book",
                    "operations": false
                },
                {
                    "id": 561,
                    "permissionGroupId": 20,
                    "permissionId": 4,
                    "permissionName": "Book Management Task",
                    "sourceId": 1367,
                    "addPermission": false,
                    "updatePermission": false,
                    "deletePermission": false,
                    "postPermission": false,
                    "appId": 6,
                    "appName": "Book",
                    "operations": false
                },
                {
                    "id": 557,
                    "permissionGroupId": 20,
                    "permissionId": 162,
                    "permissionName": "Book Forms - Basic",
                    "sourceId": 1372,
                    "addPermission": false,
                    "updatePermission": false,
                    "deletePermission": false,
                    "postPermission": false,
                    "appId": 6,
                    "appName": "Book",
                    "operations": false
                },
                {
                    "id": 569,
                    "permissionGroupId": 20,
                    "permissionId": 160,
                    "permissionName": "Book Forms - Advanced",
                    "sourceId": 1370,
                    "addPermission": false,
                    "updatePermission": false,
                    "deletePermission": false,
                    "postPermission": false,
                    "appId": 6,
                    "appName": "Book",
                    "operations": false
                },
                {
                    "id": 565,
                    "permissionGroupId": 20,
                    "permissionId": 173,
                    "permissionName": "Book Dashboard",
                    "sourceId": 1373,
                    "addPermission": false,
                    "updatePermission": false,
                    "deletePermission": false,
                    "postPermission": false,
                    "appId": 6,
                    "appName": "Book",
                    "operations": false
                },
                {
                    "id": 550,
                    "permissionGroupId": 20,
                    "permissionId": 151,
                    "permissionName": "Critical Task",
                    "sourceId": 1369,
                    "addPermission": false,
                    "updatePermission": false,
                    "deletePermission": false,
                    "postPermission": false,
                    "appId": 6,
                    "appName": "Book",
                    "operations": false
                },
                {
                    "id": 584,
                    "permissionGroupId": 20,
                    "permissionId": 94,
                    "permissionName": "Book Management",
                    "sourceId": 1368,
                    "addPermission": false,
                    "updatePermission": false,
                    "deletePermission": false,
                    "postPermission": false,
                    "appId": 6,
                    "appName": "Book",
                    "operations": false
                },
                {
                    "id": 578,
                    "permissionGroupId": 20,
                    "permissionId": 161,
                    "permissionName": "Book Forms - Reports",
                    "sourceId": 1371,
                    "addPermission": false,
                    "updatePermission": false,
                    "deletePermission": false,
                    "postPermission": false,
                    "appId": 6,
                    "appName": "Book",
                    "operations": false
                }
            ],
            "appId": 6,
            "appName": "Book",
            "master": false,
            "news": false,
            "sourceId": 221,
            "local": false
        },
        {
            "id": 19,
            "permissionGroupName": "Book Basic",
            "description": "Basic user of Book application",
            "permissionIds": [
                162,
                174,
                175
            ],
            "permissionDetails": [
                {
                    "id": 576,
                    "permissionGroupId": 19,
                    "permissionId": 175,
                    "permissionName": "General Task",
                    "sourceId": 1365,
                    "addPermission": false,
                    "updatePermission": false,
                    "deletePermission": false,
                    "postPermission": false,
                    "appId": 6,
                    "appName": "Book",
                    "operations": false
                },
                {
                    "id": 567,
                    "permissionGroupId": 19,
                    "permissionId": 174,
                    "permissionName": "Shift Task",
                    "sourceId": 1364,
                    "addPermission": false,
                    "updatePermission": false,
                    "deletePermission": false,
                    "postPermission": false,
                    "appId": 6,
                    "appName": "Book",
                    "operations": false
                },
                {
                    "id": 544,
                    "permissionGroupId": 19,
                    "permissionId": 162,
                    "permissionName": "Book Forms - Basic",
                    "sourceId": 1366,
                    "addPermission": false,
                    "updatePermission": false,
                    "deletePermission": false,
                    "postPermission": false,
                    "appId": 6,
                    "appName": "Book",
                    "operations": false
                }
            ],
            "appId": 6,
            "appName": "Book",
            "master": false,
            "news": false,
            "sourceId": 220,
            "local": false
        },
        {
            "id": 33,
            "permissionGroupName": "Book Dasboard tab",
            "description": null,
            "permissionIds": [
                173
            ],
            "permissionDetails": [
                {
                    "id": 1191,
                    "permissionGroupId": 33,
                    "permissionId": 173,
                    "permissionName": "Book Dashboard",
                    "sourceId": null,
                    "addPermission": false,
                    "updatePermission": false,
                    "deletePermission": false,
                    "postPermission": false,
                    "appId": 6,
                    "appName": "Book",
                    "operations": false
                }
            ],
            "appId": null,
            "appName": null,
            "master": false,
            "news": false,
            "sourceId": null,
            "local": true
        },
        {
            "id": 15,
            "permissionGroupName": "Book Role",
            "description": "Book-only permissions",
            "permissionIds": [
                4,
                94
            ],
            "permissionDetails": [
                {
                    "id": 554,
                    "permissionGroupId": 15,
                    "permissionId": 94,
                    "permissionName": "Book Management",
                    "sourceId": 1341,
                    "addPermission": false,
                    "updatePermission": false,
                    "deletePermission": false,
                    "postPermission": false,
                    "appId": 6,
                    "appName": "Book",
                    "operations": false
                },
                {
                    "id": 534,
                    "permissionGroupId": 15,
                    "permissionId": 4,
                    "permissionName": "Book Management Task",
                    "sourceId": 1340,
                    "addPermission": false,
                    "updatePermission": false,
                    "deletePermission": false,
                    "postPermission": false,
                    "appId": 6,
                    "appName": "Book",
                    "operations": false
                }
            ],
            "appId": null,
            "appName": null,
            "master": false,
            "news": false,
            "sourceId": 210,
            "local": false
        },
        {
            "id": 31,
            "permissionGroupName": "desk app settings",
            "description": null,
            "permissionIds": [
                4,
                93,
                94,
                173,
                174,
                211
            ],
            "permissionDetails": [
                {
                    "id": 2021,
                    "permissionGroupId": 31,
                    "permissionId": 93,
                    "permissionName": "Location Management",
                    "sourceId": null,
                    "addPermission": false,
                    "updatePermission": false,
                    "deletePermission": false,
                    "postPermission": false,
                    "appId": 29,
                    "appName": "Admin",
                    "operations": false
                },
                {
                    "id": 2022,
                    "permissionGroupId": 31,
                    "permissionId": 211,
                    "permissionName": "Desk Setting Management",
                    "sourceId": null,
[...]
            "contentTypeId": 0
        },
        {
            "id": 100079,
            "master": false,
            "questionName": "Walk-in Shelving/Walls",
            "instructions": "",
            "contentTypeId": 0
        },
        {
            "id": 100023,
            "master": false,
            "questionName": "Walk-in-Doors",
            "instructions": "",
            "contentTypeId": 0
        },
        {
            "id": 119,
            "master": true,
            "questionName": "Walk-Ins (clean, organized, temp)",
            "instructions": null,
            "contentTypeId": 0
        },
        {
            "id": 100705,
            "master": false,
            "questionName": "Walk-ins(Clean,Organised,Temp)",
            "instructions": null,
            "contentTypeId": 0
        },
        {
            "id": 100063,
            "master": false,
            "questionName": "Walk-in-Shelving",
            "instructions": "",
            "contentTypeId": 0
        },
        {
            "id": 100064,
            "master": false,
            "questionName": "Walk-in-Shelving",
            "instructions": "",
            "contentTypeId": 0
        },
        {
            "id": 1054,
            "master": true,
            "questionName": "Walls and Ceilings",
            "instructions": "",
            "contentTypeId": 0
        },
        {
            "id": 100012,
            "master": false,
            "questionName": "Walls Behind Fryers",
            "instructions": "",
            "contentTypeId": 0
        },
        {
            "id": 87,
            "master": true,
            "questionName": "Walls clean",
            "instructions": null,
            "contentTypeId": 0
        },
        {
            "id": 70,
            "master": true,
            "questionName": "Walls, Baseboards, & Décor (clean)",
            "instructions": null,
            "contentTypeId": 0
        },
        {
            "id": 100191,
            "master": false,
            "questionName": "Warm Water",
            "instructions": "Hand sink accessible, Clean, working, stocked and used for only hand washing",
            "contentTypeId": 0
        },
        {
            "id": 100107,
            "master": false,
            "questionName": "WASH AND SANITIZE HAND/GLOVE UP",
            "instructions": "",
            "contentTypeId": 0
        },
        {
            "id": 100108,
            "master": false,
            "questionName": "WASH AND SANITIZE HANDS/GLOVE UP",
            "instructions": "",
            "contentTypeId": 0
        },
        {
            "id": 100490,
            "master": false,
            "questionName": "Wash, rinse and sanitize the 2 compartment sink.",
            "instructions": "",
            "contentTypeId": 0
        },
        {
            "id": 100491,
            "master": false,
            "questionName": "Wash, rinse and sanitize the 3 compartment sink after finishing all dishes",
            "instructions": "",
            "contentTypeId": 0
        },
        {
            "id": 100488,
            "master": false,
            "questionName": "Wash, rinse, and sanitize all dishes",
            "instructions": "",
            "contentTypeId": 0
        },
        {
            "id": 100372,
            "master": false,
            "questionName": "Wash, rinse, and sanitize sinks",
            "instructions": "",
            "contentTypeId": 0
        },
        {
            "id": 100489,
            "master": false,
            "questionName": "Wash, rinse, and sanitize the chicken bucket system and the table/reach-in-last each night to avoid cross contamination",
            "instructions": "",
            "contentTypeId": 0
        },
        {
            "id": 1036,
            "master": true,
            "questionName": "Water Meter Spout",
            "instructions": "",
            "contentTypeId": 0
        },
        {
            "id": 11,
            "master": true,
            "questionName": "Water temp.",
            "instructions": null,
            "contentTypeId": 0
        },
        {
            "id": 35,
            "master": true,
            "questionName": "Water Weight",
            "instructions": null,
            "contentTypeId": 0
        },
        {
            "id": 100089,
            "master": false,
            "questionName": "Wedge Workstation",
            "instructions": "",
            "contentTypeId": 0
        },
        {
            "id": 100418,
            "master": false,
            "questionName": "Weigh the waste and miss-cut chicken and record in the Manager's Red Book and NBO",
            "instructions": "",
            "contentTypeId": 0
        },
        {
            "id": 100620,
            "master": false,
            "questionName": "Weighing and measuring of sandwich ingredients",
            "instructions": "",
            "contentTypeId": 0
        },
        {
            "id": 100621,
            "master": false,
            "questionName": "Weighing and measuring of sandwich ingredients 1",
            "instructions": "",
            "contentTypeId": 0
        },
        {
            "id": 100622,
            "master": false,
            "questionName": "Weighing and measuring of sandwich ingredients 2",
            "instructions": "",
            "contentTypeId": 0
        },
        {
            "id": 100624,
            "master": false,
            "questionName": "Weighing and measuring of sandwich ingredients 3",
            "instructions": "",
            "contentTypeId": 0
        },
        {
            "id": 100727,
            "master": false,
            "questionName": "Weight (1): 4.0 to 4.5 oz",
            "instructions": null,
            "contentTypeId": 0
        },
        {
            "id": 100731,
            "master": false,
            "questionName": "Weight (1): 4.3 to 5.9 oz",
            "instructions": null,
            "contentTypeId": 0
        },
        {
            "id": 100723,
            "master": false,
            "questionName": "Weight (3): 6.0 to 7.5 oz",
            "instructions": null,
            "contentTypeId": 0
        },
        {
            "id": 100618,
            "master": false,
            "questionName": "weight of coffee glass ?",
            "instructions": "",
            "contentTypeId": 0
        },
        {
            "id": 100617,
            "master": false,
            "questionName": "Weight of instrument ?",
            "instructions": "",
            "contentTypeId": 0
        },
        {
            "id": 100616,
            "master": false,
            "questionName": "Weight of the machine ?",
            "instructions": "",
            "contentTypeId": 0
        },
        {
            "id": 264,
            "master": true,
            "questionName": "Were all trays and grills sanitized?",
            "instructions": "",
            "contentTypeId": 0
        },
        {
            "id": 100048,
            "master": false,
            "questionName": "Wet floor Signs",
            "instructions": "",
            "contentTypeId": 0
        },
        {
            "id": 216,
            "master": true,
            "questionName": "Wet Floor Signs Available and Used as Needed?",
            "instructions": "19",
            "contentTypeId": 2
        },
        {
            "id": 100632,
            "master": false,
            "questionName": "What is need of new machine?",
            "instructions": "What is need of new machine?",
            "contentTypeId": 0
        },
        {
            "id": 100633,
            "master": false,
            "questionName": "What is need of new machine1?",
            "instructions": "What is need of new machine?",
            "contentTypeId": 0
        },
        {
            "id": 100706,
            "master": false,
            "questionName": "What is the EP NITRATES over 6 must call DL or Director of Ops",
            "instructions": "This is the Nitrate level after the Filter System",
            "contentTypeId": 0
        },
        {
            "id": 100684,
            "master": false,
            "questionName": "What is the least waiting time?",
            "instructions": "18",
            "contentTypeId": 0
        },
        {
            "id": 100708,
            "master": false,
            "questionName": "What is the Main Meter Reading",
            "instructions": "This is the number from the meter",
            "contentTypeId": 0
        },
        {
            "id": 100709,
            "master": false,
            "questionName": "What is the Main Meter Usage",
            "instructions": "This is the Main Meter Reading subtracted from the prior day to get the usage.",
            "contentTypeId": 0
        },
        {
            "id": 100707,
            "master": false,
            "questionName": "What is the Raw Nitrate Count?",
            "instructions": "This is the first reading taken right from the tap before the filtration",
            "contentTypeId": 0
        },
        {
            "id": 100704,
            "master": false,
            "questionName": "what is the temperature in second time",
            "instructions": "5",
            "contentTypeId": 2
        },
        {
            "id": 100682,
            "master": false,
            "questionName": "What is the time of opening the stall?",
            "instructions": "18",
            "contentTypeId": 0
        },
        {
            "id": 100688,
            "master": false,
            "questionName": "what is the weight of drink ?",
            "instructions": "what is the weight of drink",
            "contentTypeId": 0
        },
        {
            "id": 100687,
            "master": false,
            "questionName": "What is the weight of the machine?",
            "instructions": "18",
            "contentTypeId": 0
        },
        {
            "id": 100602,
            "master": false,
            "questionName": "When does the task started ?",
            "instructions": "",
            "contentTypeId": 0
        },
        {
            "id": 100725,
            "master": false,
            "questionName": "Width (1): 3-1/4 to 3-1/2 in",
            "instructions": null,
            "contentTypeId": 0
        },
        {
            "id": 100729,
            "master": false,
            "questionName": "Width (1): 4 to 4-5/8 in",
            "instructions": null,
            "contentTypeId": 0
        },
        {
            "id": 1037,
            "master": true,
            "questionName": "Windows",
            "instructions": "https://opssite.workpulse.com/People/StepPreview?stepId=2323&actionId=9",
            "contentTypeId": 0
        },
        {
            "id": 58,
            "master": true,
            "questionName": "Windows & Sills (clean)",
            "instructions": null,
            "contentTypeId": 0
        },
        {
            "id": 100145,
            "master": false,
            "questionName": "Windows are clean and free of fingerprints",
            "instructions": "",
            "contentTypeId": 0
        },
        {
            "id": 100156,
            "master": false,
            "questionName": "Windows are clean, POP window clings straight with no tears or bubbles",
            "instructions": "",
            "contentTypeId": 0
        },
        {
            "id": 69,
            "master": true,
            "questionName": "Windows/Doors/Sills (clean)",
            "instructions": null,
            "contentTypeId": 0
        },
        {
            "id": 100279,
            "master": false,
            "questionName": "Wings in Container",
            "instructions": "",
            "contentTypeId": 0
        },
        {
            "id": 100280,
            "master": false,
            "questionName": "Wings in Cooler",
            "instructions": "",
            "contentTypeId": 0
        },
        {
            "id": 100281,
            "master": false,
            "questionName": "Wings in Freezer",
            "instructions": "",
            "contentTypeId": 0
        },
        {
            "id": 100285,
            "master": false,
            "questionName": "Wings in Freezer#1",
            "instructions": "",
            "contentTypeId": 0
        },
        {
            "id": 100286,
            "master": false,
            "questionName": "Wings in Freezer#2",
            "instructions": "",
            "contentTypeId": 0
        },
        {
            "id": 100365,
            "master": false,
            "questionName": "Wipe all green ledges",
            "instructions": "",
            "contentTypeId": 0
        },
        {
            "id": 100468,
            "master": false,
            "questionName": "Wipe clean all fryers, inside and out",
            "instructions": "",
            "contentTypeId": 0
        },
        {
            "id": 100405,
            "master": false,
            "questionName": "Wipe down all tables & chairs",
            "instructions": "",
            "contentTypeId": 0
        },
        {
            "id": 100357,
            "master": false,
            "questionName": "Wipe down and clean chair and table legs, chair backs and seat cushions",
            "instructions": "",
            "contentTypeId": 0
        },
        {
            "id": 100454,
            "master": false,
            "questionName": "Wipe down stainless steel wall behind the fryers",
            "instructions": "",
            "contentTypeId": 0
        },
        {
            "id": 100455,
            "master": false,
            "questionName": "Wipe down the vent hood",
            "instructions": "",
            "contentTypeId": 0
        },
        {
            "id": 1001,
            "master": true,
            "questionName": "WMF Espresso Machine -  Milk Containers",
            "instructions": "",
            "contentTypeId": 0
        },
        {
            "id": 100643,
            "master": false,
            "questionName": "Your Family Name??",
            "instructions": "",
            "contentTypeId": 0
        },
        {
            "id": 100642,
            "master": false,
            "questionName": "Your Name??",
            "instructions": "",
            "contentTypeId": 0
        }
    ],
    "readingTypes": [
        {
            "text": "Device",
            "value": 102
        },
        {
            "text": "Manual",
            "value": 101
        }
    ],
    "inputTypes": [
        {
            "id": 14,
            "unitId": null,
            "inputName": "Checkbox",
            "inputType": "Checkbox",
            "decimalValue": 0,
            "master": true,
            "unitName": null
        },
        {
            "id": 13,
            "unitId": 15,
            "inputName": "Count (ea)",
            "inputType": "Numeric",
            "decimalValue": 0,
            "master": true,
            "unitName": null
        },
        {
            "id": 18,
            "unitId": null,
            "inputName": "Date",
            "inputType": "Date",
            "decimalValue": 0,
            "master": true,
            "unitName": null
        },
        {
            "id": 19,
            "unitId": null,
            "inputName": "DateTime",
            "inputType": "DateTime",
            "decimalValue": 0,
            "master": true,
            "unitName": null
        },
        {
            "id": 5,
            "unitId": 12,
            "inputName": "Humidity",
            "inputType": "Numeric",
            "decimalValue": 1,
            "master": true,
            "unitName": null
        },
        {
            "id": 10,
            "unitId": null,
            "inputName": "Image",
            "inputType": "Image",
            "decimalValue": 0,
            "master": true,
            "unitName": null
        },
        {
            "id": 15,
            "unitId": 16,
            "inputName": "Measure (in)",
            "inputType": "Numeric",
            "decimalValue": 0,
            "master": true,
            "unitName": null
        },
        {
            "id": 12,
            "unitId": 14,
            "inputName": "PPM",
            "inputType": "Numeric",
            "decimalValue": 0,
            "master": true,
            "unitName": null
        },
        {
            "id": 21,
            "unitId": null,
            "inputName": "Signature",
            "inputType": "Signature",
            "decimalValue": 0,
            "master": true,
            "unitName": null
        },
        {
            "id": 17,
            "unitId": 17,
            "inputName": "TDS",
            "inputType": "Numeric",
            "decimalValue": 2,
            "master": true,
            "unitName": null
        },
        {
            "id": 2,
            "unitId": 11,
            "inputName": "Temperature",
            "inputType": "Numeric",
            "decimalValue": 1,
            "master": true,
            "unitName": null
        },
        {
            "id": 20,
            "unitId": null,
            "inputName": "Text",
            "inputType": "Text",
            "decimalValue": 0,
            "master": true,
            "unitName": null
        },
        {
            "id": 1,
            "unitId": 2,
            "inputName": "Time (mins)",
            "inputType": "Numeric",
            "decimalValue": 2,
            "master": true,
            "unitName": null
        },
        {
            "id": 8,
            "unitId": 1,
            "inputName": "Time (secs)",
            "inputType": "Numeric",
            "decimalValue": 0,
            "master": true,
            "unitName": null
        },
        {
            "id": 16,
            "unitId": 1,
            "inputName": "Timer",
            "inputType": "Timer",
            "decimalValue": 0,
            "master": true,
            "unitName": null
        },
        {
            "id": 3,
            "unitId": 7,
            "inputName": "Volume (gal)",
            "inputType": "Numeric",
            "decimalValue": 0,
            "master": true,
            "unitName": null
        },
        {
            "id": 6,
            "unitId": 8,
            "inputName": "Volume (oz)",
            "inputType": "Numeric",
            "decimalValue": 2,
            "master": true,
            "unitName": null
        },
        {
            "id": 7,
            "unitId": 13,
            "inputName": "Weight (g)",
            "inputType": "Numeric",
            "decimalValue": 2,
            "master": true,
            "unitName": null
        },
        {
            "id": 4,
            "unitId": 9,
            "inputName": "Weight (lb)",
            "inputType": "Numeric",
            "decimalValue": 2,
            "master": true,
            "unitName": null
        },
        {
            "id": 11,
            "unitId": 8,
            "inputName": "Weight (oz)",
            "inputType": "Numeric",
            "decimalValue": 2,
            "master": true,
            "unitName": null
        },
        {
            "id": 9,
            "unitId": null,
            "inputName": "Yes/No",
            "inputType": "YesNo",
            "decimalValue": 0,
            "master": true,
            "unitName": null
        }
    ],
    "multipleReadingOptions": [
        {
            "text": "Single Reading",
            "value": 1
        },
        {
            "text": "Middle Number",
            "value": 2
        },
        {
            "text": "Three Readings",
            "value": 3
        }
    ],
    "isCriticalTask": false,
    "help": null,
    "settingDto": {
        "label": null
    }
}
Task generated with name as: Task Created by Automation_47
]]></system-out>
  </testcase>
</testsuite>